
[KeOps] Warning : There were warnings or errors compiling formula :
<stdin>:1:10: fatal error: cuda.h: No such file or directory
compilation terminated.

[KeOps] Warning : 
    The location of Cuda header files cuda.h and nvrtc.h could not be detected on your system.
    You must determine their location and then define the environment variable CUDA_PATH,
    either before launching Python or using os.environ before importing keops. For example
    if these files are in /vol/cuda/10.2.89-cudnn7.6.4.38/include you can do :
      import os
      os.environ['CUDA_PATH'] = '/vol/cuda/10.2.89-cudnn7.6.4.38'
    
[KeOps] Compiling cuda jit compiler engine ... 
[KeOps] Warning : There were warnings or errors compiling formula :
/home/xysong/.local/lib/python3.9/site-packages/keopscore/binders/nvrtc/nvrtc_jit.cpp:5:10: fatal error: nvrtc.h: No such file or directory
 #include <nvrtc.h>
          ^~~~~~~~~
compilation terminated.

OK
[pyKeOps] Compiling nvrtc binder for python ... 
[KeOps] Warning : There were warnings or errors compiling formula :
In file included from /home/xysong/.local/lib/python3.9/site-packages/pykeops/common/keops_io/pykeops_nvrtc.cpp:4:
/home/xysong/.local/lib/python3.9/site-packages/keopscore/binders/nvrtc/keops_nvrtc.cpp:6:10: fatal error: nvrtc.h: No such file or directory
 #include <nvrtc.h>
          ^~~~~~~~~
compilation terminated.

OK
[pyKeOps] Compiling nvrtc binder for python ... 
[KeOps] Warning : There were warnings or errors compiling formula :
In file included from /home/xysong/.local/lib/python3.9/site-packages/pykeops/common/keops_io/pykeops_nvrtc.cpp:4:
/home/xysong/.local/lib/python3.9/site-packages/keopscore/binders/nvrtc/keops_nvrtc.cpp:6:10: fatal error: nvrtc.h: No such file or directory
 #include <nvrtc.h>
          ^~~~~~~~~
compilation terminated.

OK
[pyKeOps] Compiling nvrtc binder for python ... 
[KeOps] Warning : There were warnings or errors compiling formula :
In file included from /home/xysong/.local/lib/python3.9/site-packages/pykeops/common/keops_io/pykeops_nvrtc.cpp:4:
/home/xysong/.local/lib/python3.9/site-packages/keopscore/binders/nvrtc/keops_nvrtc.cpp:6:10: fatal error: nvrtc.h: No such file or directory
 #include <nvrtc.h>
          ^~~~~~~~~
compilation terminated.

OK
Experiment: SVHN
Experiment regime: Balanced
Method: OOD-GAN
================================================================================
Number of observed OoD samples (class-level): 4
Input Dimension: 32 x 32 x 3
Number of InD classes: 8
Number of Epochs: 16.
Hyperparameters: lambda_ce=1 & lambda_w=0.1 & scaling=0.01 & d_lr=0.001 & g_lr=0.005 & B_InD: 50 & B_OoD: 10 & n_d: 1 & n_g: 1
Score Function: Wasserstein
Finished Processing Input Arguments.
-- Current Device: Tesla V100-PCIE-16GB
-- Device Total Memory: 15.77 GB
-- Let's use 1 GPUs!
Using downloaded and verified file: ./Datasets/SVHN/train_32x32.mat
Using downloaded and verified file: ./Datasets/SVHN/test_32x32.mat
tensor([8, 8, 8, 8, 9, 9, 9, 9])
Counter({8: 4, 9: 4})
Monte Carlo Iteration 0
DenseNet
Deep_G
OoD sample shape: torch.Size([8, 3, 32, 32])
Step: 0    | D:  2.0529 | CE:  2.0963 | S_OoD:  0.4378 | S_z:  0.4367 | G: -0.0004 | S_z:  0.4390 | dist: 0.3680
Step: 100  | D:  1.8450 | CE:  1.8864 | S_OoD:  0.4189 | S_z:  0.4531 | G: -0.0004 | S_z:  0.4465 | dist: 0.0792
Step: 200  | D:  1.2828 | CE:  1.3245 | S_OoD:  0.4216 | S_z:  0.4509 | G: -0.0004 | S_z:  0.4399 | dist: 0.0955
Step: 300  | D:  0.5344 | CE:  0.5701 | S_OoD:  0.3619 | S_z:  0.4442 | G: -0.0004 | S_z:  0.4390 | dist: 0.1212
Step: 400  | D:  0.5256 | CE:  0.5655 | S_OoD:  0.4035 | S_z:  0.4370 | G: -0.0004 | S_z:  0.4281 | dist: 0.0605
Step: 500  | D:  0.4310 | CE:  0.4705 | S_OoD:  0.3989 | S_z:  0.4306 | G: -0.0004 | S_z:  0.4387 | dist: 0.0836
Step: 600  | D:  0.2933 | CE:  0.3357 | S_OoD:  0.4291 | S_z:  0.4463 | G: -0.0004 | S_z:  0.4470 | dist: 0.0400
Step: 700  | D:  0.5252 | CE:  0.5681 | S_OoD:  0.4331 | S_z:  0.4383 | G: -0.0004 | S_z:  0.4343 | dist: 0.1217
Step: 800  | D:  0.4322 | CE:  0.4749 | S_OoD:  0.4313 | S_z:  0.4356 | G: -0.0004 | S_z:  0.4295 | dist: 0.1884
Step: 900  | D:  0.3526 | CE:  0.3949 | S_OoD:  0.4272 | S_z:  0.4407 | G: -0.0004 | S_z:  0.4295 | dist: 0.1555
Step: 1000 | D:  0.1716 | CE:  0.2150 | S_OoD:  0.4383 | S_z:  0.4387 | G: -0.0004 | S_z:  0.4303 | dist: 0.1702
Step: 1100 | D:  0.2339 | CE:  0.2782 | S_OoD:  0.4473 | S_z:  0.4418 | G: -0.0004 | S_z:  0.4168 | dist: 0.1086
Step: 1200 | D:  0.1013 | CE:  0.1448 | S_OoD:  0.4392 | S_z:  0.4293 | G: -0.0004 | S_z:  0.4387 | dist: 0.2604
Computing evaluation statistics...
> Evaluating InD Wasserstein distances...
> Evaluating OoD Wasserstein distances...

Overall Statistics
TPR@95TNR: 0.30230414746543777
mean: 0.3023 | std: 0.0 | MAD: 0.0
TPR@95TNR-Threshold: 0.2600856423377991
mean: 0.26009 | std: 0.0 | MAD: 0.0
TPR@99TNR: 0.10875576036866363
mean: 0.10876 | std: 0.0 | MAD: 0.0
TPR@99TNR-Threshold
: 0.3331264352798464
mean: 0.33313 | std: 0.0 | MAD: 0.0
AUROC: 0.8465487694184723

Validation Accuracy: 0.8802521008403361
Validation Classification Loss: 0.3846444467526613
Step: 28   | D:  0.2653 | CE:  0.3089 | S_OoD:  0.4405 | S_z:  0.4437 | G: -0.0004 | S_z:  0.4390 | dist: 0.4008
Step: 128  | D:  0.2523 | CE:  0.2964 | S_OoD:  0.4451 | S_z:  0.4166 | G: -0.0004 | S_z:  0.4359 | dist: 0.4088
Step: 228  | D:  0.2515 | CE:  0.2956 | S_OoD:  0.4461 | S_z:  0.4420 | G: -0.0004 | S_z:  0.4110 | dist: 0.4880
Step: 328  | D:  0.0870 | CE:  0.1298 | S_OoD:  0.4324 | S_z:  0.4393 | G: -0.0004 | S_z:  0.4398 | dist: 0.4991
Step: 428  | D:  0.0642 | CE:  0.1083 | S_OoD:  0.4446 | S_z:  0.4304 | G: -0.0004 | S_z:  0.4214 | dist: 0.4768
Step: 528  | D:  0.1506 | CE:  0.1938 | S_OoD:  0.4364 | S_z:  0.4392 | G: -0.0004 | S_z:  0.4357 | dist: 0.4894
Step: 628  | D:  0.1799 | CE:  0.2244 | S_OoD:  0.4488 | S_z:  0.4068 | G: -0.0004 | S_z:  0.4078 | dist: 0.4706
Step: 728  | D:  0.2711 | CE:  0.3157 | S_OoD:  0.4508 | S_z:  0.4263 | G: -0.0004 | S_z:  0.4223 | dist: 0.4251
Step: 828  | D:  0.2512 | CE:  0.2950 | S_OoD:  0.4420 | S_z:  0.4127 | G: -0.0004 | S_z:  0.4261 | dist: 0.3144
Step: 928  | D:  0.0743 | CE:  0.1175 | S_OoD:  0.4361 | S_z:  0.4346 | G: -0.0004 | S_z:  0.4213 | dist: 0.4187
Step: 1028 | D:  0.1331 | CE:  0.1759 | S_OoD:  0.4321 | S_z:  0.4160 | G: -0.0004 | S_z:  0.4142 | dist: 0.4424
Step: 1128 | D:  0.1820 | CE:  0.2255 | S_OoD:  0.4393 | S_z:  0.4455 | G: -0.0004 | S_z:  0.4336 | dist: 0.4339
Step: 1228 | D:  0.1074 | CE:  0.1512 | S_OoD:  0.4421 | S_z:  0.4048 | G: -0.0004 | S_z:  0.4072 | dist: 0.3674
Computing evaluation statistics...
> Evaluating InD Wasserstein distances...
> Evaluating OoD Wasserstein distances...

Overall Statistics
TPR@95TNR: 0.2685099846390169
mean: 0.26851 | std: 0.0 | MAD: 0.0
TPR@95TNR-Threshold: 0.265436601638794
mean: 0.26544 | std: 0.0 | MAD: 0.0
TPR@99TNR: 0.11274961597542243
mean: 0.11275 | std: 0.0 | MAD: 0.0
TPR@99TNR-Threshold
: 0.3315796756744386
mean: 0.33158 | std: 0.0 | MAD: 0.0
AUROC: 0.7995523956409796

Validation Accuracy: 0.8266900790166813
Validation Classification Loss: 0.5314142792268972
Step: 56   | D:  0.1908 | CE:  0.2347 | S_OoD:  0.4430 | S_z:  0.4320 | G: -0.0004 | S_z:  0.4121 | dist: 0.3612
Step: 156  | D:  0.1513 | CE:  0.1953 | S_OoD:  0.4442 | S_z:  0.3858 | G: -0.0004 | S_z:  0.3631 | dist: 0.4321
Step: 256  | D:  0.1360 | CE:  0.1798 | S_OoD:  0.4421 | S_z:  0.3977 | G: -0.0004 | S_z:  0.4102 | dist: 0.4879
Step: 356  | D:  0.0354 | CE:  0.0779 | S_OoD:  0.4296 | S_z:  0.4316 | G: -0.0004 | S_z:  0.4212 | dist: 0.3759
Step: 456  | D:  0.2063 | CE:  0.2512 | S_OoD:  0.4526 | S_z:  0.3849 | G: -0.0003 | S_z:  0.3407 | dist: 0.5468
Step: 556  | D:  0.1155 | CE:  0.1599 | S_OoD:  0.4480 | S_z:  0.3765 | G: -0.0004 | S_z:  0.3745 | dist: 0.5876
Step: 656  | D:  0.2807 | CE:  0.3257 | S_OoD:  0.4532 | S_z:  0.3783 | G: -0.0004 | S_z:  0.3527 | dist: 0.6174
Step: 756  | D:  0.0591 | CE:  0.1028 | S_OoD:  0.4413 | S_z:  0.3806 | G: -0.0004 | S_z:  0.3739 | dist: 0.5058
Step: 856  | D:  0.2061 | CE:  0.2504 | S_OoD:  0.4471 | S_z:  0.3789 | G: -0.0004 | S_z:  0.3645 | dist: 0.4255
Step: 956  | D:  0.4769 | CE:  0.5208 | S_OoD:  0.4429 | S_z:  0.3952 | G: -0.0004 | S_z:  0.3720 | dist: 0.3598
Step: 1056 | D:  0.0846 | CE:  0.1283 | S_OoD:  0.4411 | S_z:  0.3487 | G: -0.0004 | S_z:  0.3637 | dist: 0.3035
Step: 1156 | D:  0.0937 | CE:  0.1384 | S_OoD:  0.4505 | S_z:  0.2974 | G: -0.0003 | S_z:  0.2987 | dist: 0.3609
Step: 1256 | D:  0.1854 | CE:  0.2296 | S_OoD:  0.4443 | S_z:  0.3141 | G: -0.0003 | S_z:  0.2795 | dist: 0.3967
Computing evaluation statistics...
> Evaluating InD Wasserstein distances...
> Evaluating OoD Wasserstein distances...

Overall Statistics
TPR@95TNR: 0.33087557603686635
mean: 0.33088 | std: 0.0 | MAD: 0.0
TPR@95TNR-Threshold: 0.2327563583850861
mean: 0.23276 | std: 0.0 | MAD: 0.0
TPR@99TNR: 0.12288786482334868
mean: 0.12289 | std: 0.0 | MAD: 0.0
TPR@99TNR-Threshold
: 0.31252318620681796
mean: 0.31252 | std: 0.0 | MAD: 0.0
AUROC: 0.863769674410148

Validation Accuracy: 0.8897968142480873
Validation Classification Loss: 0.35670636377818193
Step: 84   | D:  0.2238 | CE:  0.2680 | S_OoD:  0.4430 | S_z:  0.0905 | G: -0.0001 | S_z:  0.0875 | dist: 0.4218
Step: 184  | D:  0.2724 | CE:  0.3172 | S_OoD:  0.4500 | S_z:  0.1875 | G: -0.0002 | S_z:  0.2065 | dist: 0.5660
Step: 284  | D:  0.2055 | CE:  0.2494 | S_OoD:  0.4404 | S_z:  0.1547 | G: -0.0002 | S_z:  0.1649 | dist: 0.5176
Step: 384  | D:  0.0493 | CE:  0.0941 | S_OoD:  0.4514 | S_z:  0.2529 | G: -0.0002 | S_z:  0.2466 | dist: 0.4564
Step: 484  | D:  0.5000 | CE:  0.5444 | S_OoD:  0.4474 | S_z:  0.3332 | G: -0.0003 | S_z:  0.2961 | dist: 0.4946
Step: 584  | D:  0.0079 | CE:  0.0522 | S_OoD:  0.4468 | S_z:  0.3464 | G: -0.0003 | S_z:  0.3100 | dist: 0.2521
Step: 684  | D:  0.0237 | CE:  0.0687 | S_OoD:  0.4531 | S_z:  0.3430 | G: -0.0003 | S_z:  0.3372 | dist: 0.2506
Step: 784  | D:  0.0004 | CE:  0.0451 | S_OoD:  0.4501 | S_z:  0.3183 | G: -0.0003 | S_z:  0.2620 | dist: 0.2262
Step: 884  | D:  0.0349 | CE:  0.0795 | S_OoD:  0.4490 | S_z:  0.3217 | G: -0.0003 | S_z:  0.2935 | dist: 0.2076
Step: 984  | D:  0.3248 | CE:  0.3689 | S_OoD:  0.4446 | S_z:  0.3090 | G: -0.0003 | S_z:  0.2704 | dist: 0.1521
Step: 1084 | D:  0.0724 | CE:  0.1169 | S_OoD:  0.4481 | S_z:  0.3221 | G: -0.0003 | S_z:  0.3315 | dist: 0.1215
Step: 1184 | D:  0.1698 | CE:  0.2146 | S_OoD:  0.4506 | S_z:  0.3423 | G: -0.0003 | S_z:  0.3104 | dist: 0.0270
Computing evaluation statistics...
> Evaluating InD Wasserstein distances...
> Evaluating OoD Wasserstein distances...

Overall Statistics
TPR@95TNR: 0.39938556067588327
mean: 0.39939 | std: 0.0 | MAD: 0.0
TPR@95TNR-Threshold: 0.18801016807556165
mean: 0.18801 | std: 0.0 | MAD: 0.0
TPR@99TNR: 0.1416282642089094
mean: 0.14163 | std: 0.0 | MAD: 0.0
TPR@99TNR-Threshold
: 0.29985333800315916
mean: 0.29985 | std: 0.0 | MAD: 0.0
AUROC: 0.8973341542223281

Validation Accuracy: 0.9319202307788789
Validation Classification Loss: 0.2383983255582931
New checkpoint created at the end of epoch 3.
Step: 12   | D:  0.0669 | CE:  0.1104 | S_OoD:  0.4383 | S_z:  0.3540 | G: -0.0003 | S_z:  0.3223 | dist: 0.0618
Step: 112  | D:  0.0060 | CE:  0.0500 | S_OoD:  0.4436 | S_z:  0.3719 | G: -0.0004 | S_z:  0.3749 | dist: 0.1262
Step: 212  | D:  0.1553 | CE:  0.1998 | S_OoD:  0.4486 | S_z:  0.3410 | G: -0.0003 | S_z:  0.3489 | dist: 0.1661
Step: 312  | D:  0.0786 | CE:  0.1232 | S_OoD:  0.4497 | S_z:  0.3580 | G: -0.0004 | S_z:  0.3591 | dist: 0.1828
Step: 412  | D:  0.0693 | CE:  0.1142 | S_OoD:  0.4520 | S_z:  0.3615 | G: -0.0003 | S_z:  0.3099 | dist: 0.1937
Step: 512  | D:  0.2121 | CE:  0.2565 | S_OoD:  0.4477 | S_z:  0.3371 | G: -0.0003 | S_z:  0.3190 | dist: 0.1288
Step: 612  | D:  0.2473 | CE:  0.2922 | S_OoD:  0.4516 | S_z:  0.2960 | G: -0.0003 | S_z:  0.3108 | dist: 0.0953
Step: 712  | D:  0.0841 | CE:  0.1293 | S_OoD:  0.4549 | S_z:  0.2938 | G: -0.0003 | S_z:  0.3074 | dist: 0.0973
Step: 812  | D:  0.2623 | CE:  0.3074 | S_OoD:  0.4534 | S_z:  0.2731 | G: -0.0003 | S_z:  0.2685 | dist: 0.1954
Step: 912  | D:  0.0281 | CE:  0.0729 | S_OoD:  0.4502 | S_z:  0.2996 | G: -0.0003 | S_z:  0.2687 | dist: 0.1410
Step: 1012 | D:  0.0278 | CE:  0.0718 | S_OoD:  0.4423 | S_z:  0.2546 | G: -0.0002 | S_z:  0.2300 | dist: 0.1157
Step: 1112 | D:  0.0331 | CE:  0.0784 | S_OoD:  0.4550 | S_z:  0.2209 | G: -0.0002 | S_z:  0.2359 | dist: 0.0573
Step: 1212 | D:  0.0426 | CE:  0.0871 | S_OoD:  0.4479 | S_z:  0.3079 | G: -0.0002 | S_z:  0.2183 | dist: 0.0016
Computing evaluation statistics...
> Evaluating InD Wasserstein distances...
> Evaluating OoD Wasserstein distances...

Overall Statistics
TPR@95TNR: 0.3569892473118279
mean: 0.35699 | std: 0.0 | MAD: 0.0
TPR@95TNR-Threshold: 0.21027183830738091
mean: 0.21027 | std: 0.0 | MAD: 0.0
TPR@99TNR: 0.1523809523809524
mean: 0.15238 | std: 0.0 | MAD: 0.0
TPR@99TNR-Threshold
: 0.3019578218460084
mean: 0.30196 | std: 0.0 | MAD: 0.0
AUROC: 0.8608026651511378

Validation Accuracy: 0.8840900539320207
Validation Classification Loss: 0.40263654125888715
Step: 40   | D:  0.1059 | CE:  0.1515 | S_OoD:  0.4580 | S_z:  0.2339 | G: -0.0002 | S_z:  0.2388 | dist: 0.0506
Step: 140  | D:  0.0207 | CE:  0.0654 | S_OoD:  0.4495 | S_z:  0.2301 | G: -0.0002 | S_z:  0.2399 | dist: 0.0284
Step: 240  | D:  0.0094 | CE:  0.0540 | S_OoD:  0.4471 | S_z:  0.0721 | G: -0.0003 | S_z:  0.2695 | dist: 0.0004
Step: 340  | D:  0.1937 | CE:  0.2387 | S_OoD:  0.4518 | S_z:  0.2447 | G: -0.0002 | S_z:  0.2415 | dist: 0.0345
Step: 440  | D:  0.0131 | CE:  0.0584 | S_OoD:  0.4547 | S_z:  0.2287 | G: -0.0002 | S_z:  0.1879 | dist: 0.1399
Step: 540  | D: -0.0125 | CE:  0.0319 | S_OoD:  0.4456 | S_z:  0.2029 | G: -0.0003 | S_z:  0.2564 | dist: 0.1840
Step: 640  | D:  0.0502 | CE:  0.0956 | S_OoD:  0.4563 | S_z:  0.2281 | G: -0.0002 | S_z:  0.2067 | dist: 0.0579
Step: 740  | D:  0.1017 | CE:  0.1467 | S_OoD:  0.4519 | S_z:  0.2243 | G: -0.0002 | S_z:  0.2037 | dist: 0.0491
Step: 840  | D:  0.1089 | CE:  0.1536 | S_OoD:  0.4493 | S_z:  0.2021 | G: -0.0001 | S_z:  0.1347 | dist: 0.0058
Step: 940  | D:  0.0699 | CE:  0.1149 | S_OoD:  0.4526 | S_z:  0.2141 | G: -0.0002 | S_z:  0.2034 | dist: 0.0167
Step: 1040 | D:  0.0866 | CE:  0.1316 | S_OoD:  0.4527 | S_z:  0.2082 | G: -0.0002 | S_z:  0.1882 | dist: 0.0438
Step: 1140 | D:  0.0560 | CE:  0.1013 | S_OoD:  0.4545 | S_z:  0.1332 | G: -0.0001 | S_z:  0.1017 | dist: 0.0381
Step: 1240 | D:  0.0705 | CE:  0.1153 | S_OoD:  0.4506 | S_z:  0.2147 | G: -0.0002 | S_z:  0.2253 | dist: 0.0435
Computing evaluation statistics...
> Evaluating InD Wasserstein distances...
> Evaluating OoD Wasserstein distances...

Overall Statistics
TPR@95TNR: 0.46298003072196625
mean: 0.46298 | std: 0.0 | MAD: 0.0
TPR@95TNR-Threshold: 0.15085574686527253
mean: 0.15086 | std: 0.0 | MAD: 0.0
TPR@99TNR: 0.16374807987711215
mean: 0.16375 | std: 0.0 | MAD: 0.0
TPR@99TNR-Threshold
: 0.29311408281326323
mean: 0.29311 | std: 0.0 | MAD: 0.0
AUROC: 0.909270299687203

Validation Accuracy: 0.933582089552239
Validation Classification Loss: 0.2368737359266913
Step: 68   | D:  0.0478 | CE:  0.0927 | S_OoD:  0.4515 | S_z:  0.2490 | G: -0.0002 | S_z:  0.2294 | dist: 0.0110
Step: 168  | D:  0.0780 | CE:  0.1232 | S_OoD:  0.4526 | S_z:  0.1178 | G: -0.0001 | S_z:  0.1126 | dist: 0.0085
Step: 268  | D:  0.0446 | CE:  0.0896 | S_OoD:  0.4528 | S_z:  0.2854 | G: -0.0003 | S_z:  0.2554 | dist: 0.1883
Step: 368  | D:  0.1463 | CE:  0.1916 | S_OoD:  0.4552 | S_z:  0.2284 | G: -0.0002 | S_z:  0.1939 | dist: 0.1338
Step: 468  | D:  0.1021 | CE:  0.1476 | S_OoD:  0.4585 | S_z:  0.2817 | G: -0.0002 | S_z:  0.2306 | dist: 0.1132
Step: 568  | D:  0.0196 | CE:  0.0649 | S_OoD:  0.4561 | S_z:  0.3017 | G: -0.0002 | S_z:  0.2330 | dist: 0.0483
Step: 668  | D:  0.0516 | CE:  0.0971 | S_OoD:  0.4565 | S_z:  0.1480 | G: -0.0001 | S_z:  0.0862 | dist: 0.0161
Step: 768  | D:  0.0137 | CE:  0.0588 | S_OoD:  0.4534 | S_z:  0.1818 | G: -0.0002 | S_z:  0.1749 | dist: 0.0349
Step: 868  | D: -0.0346 | CE:  0.0106 | S_OoD:  0.4544 | S_z:  0.2345 | G: -0.0002 | S_z:  0.2245 | dist: 0.1017
Step: 968  | D:  0.2386 | CE:  0.2825 | S_OoD:  0.4427 | S_z:  0.2935 | G: -0.0003 | S_z:  0.2548 | dist: 0.1183
Step: 1068 | D:  0.1292 | CE:  0.1732 | S_OoD:  0.4416 | S_z:  0.2266 | G: -0.0001 | S_z:  0.1490 | dist: 0.1999
Step: 1168 | D:  0.0257 | CE:  0.0711 | S_OoD:  0.4561 | S_z:  0.1834 | G: -0.0002 | S_z:  0.1641 | dist: 0.1360
Step: 1268 | D:  0.0944 | CE:  0.1396 | S_OoD:  0.4538 | S_z:  0.1782 | G: -0.0002 | S_z:  0.1553 | dist: 0.1104
Computing evaluation statistics...
> Evaluating InD Wasserstein distances...
> Evaluating OoD Wasserstein distances...

Overall Statistics
TPR@95TNR: 0.5385560675883256
mean: 0.53856 | std: 0.0 | MAD: 0.0
TPR@95TNR-Threshold: 0.12746310234069838
mean: 0.12746 | std: 0.0 | MAD: 0.0
TPR@99TNR: 0.2021505376344086
mean: 0.20215 | std: 0.0 | MAD: 0.0
TPR@99TNR-Threshold
: 0.28650203227996834
mean: 0.2865 | std: 0.0 | MAD: 0.0
AUROC: 0.9280941098112353

Validation Accuracy: 0.9487520381286842
Validation Classification Loss: 0.18306423203891498
Step: 96   | D:  0.0204 | CE:  0.0653 | S_OoD:  0.4518 | S_z:  0.2225 | G: -0.0002 | S_z:  0.1829 | dist: 0.0258
Step: 196  | D:  0.1093 | CE:  0.1541 | S_OoD:  0.4493 | S_z:  0.1746 | G: -0.0003 | S_z:  0.2509 | dist: 0.0312
Step: 296  | D:  0.1185 | CE:  0.1635 | S_OoD:  0.4520 | S_z:  0.1890 | G: -0.0002 | S_z:  0.1811 | dist: 0.0933
Step: 396  | D:  0.0283 | CE:  0.0732 | S_OoD:  0.4513 | S_z:  0.2012 | G: -0.0002 | S_z:  0.1569 | dist: 0.0213
Step: 496  | D:  0.1258 | CE:  0.1710 | S_OoD:  0.4534 | S_z:  0.0804 | G: -0.0001 | S_z:  0.1379 | dist: 0.0669
Step: 596  | D: -0.0078 | CE:  0.0374 | S_OoD:  0.4527 | S_z:  0.1385 | G: -0.0001 | S_z:  0.1056 | dist: 0.0674
Step: 696  | D:  0.0512 | CE:  0.0953 | S_OoD:  0.4423 | S_z:  0.1610 | G: -0.0001 | S_z:  0.1495 | dist: 0.0291
Step: 796  | D:  0.0283 | CE:  0.0736 | S_OoD:  0.4540 | S_z:  0.1386 | G: -0.0001 | S_z:  0.1309 | dist: 0.0088
Step: 896  | D:  0.0636 | CE:  0.1086 | S_OoD:  0.4524 | S_z:  0.1899 | G: -0.0002 | S_z:  0.2079 | dist: 0.0949
Step: 996  | D:  0.0606 | CE:  0.1055 | S_OoD:  0.4513 | S_z:  0.2552 | G: -0.0002 | S_z:  0.2335 | dist: 0.0542
Step: 1096 | D:  0.0479 | CE:  0.0932 | S_OoD:  0.4549 | S_z:  0.1763 | G: -0.0002 | S_z:  0.1525 | dist: 0.1837
Step: 1196 | D: -0.0005 | CE:  0.0440 | S_OoD:  0.4477 | S_z:  0.2553 | G: -0.0002 | S_z:  0.2105 | dist: 0.2185
Computing evaluation statistics...
> Evaluating InD Wasserstein distances...
> Evaluating OoD Wasserstein distances...

Overall Statistics
TPR@95TNR: 0.4986175115207373
mean: 0.49862 | std: 0.0 | MAD: 0.0
TPR@95TNR-Threshold: 0.13623791933059695
mean: 0.13624 | std: 0.0 | MAD: 0.0
TPR@99TNR: 0.18494623655913978
mean: 0.18495 | std: 0.0 | MAD: 0.0
TPR@99TNR-Threshold
: 0.28865305423736637
mean: 0.28865 | std: 0.0 | MAD: 0.0
AUROC: 0.9246454655830554

Validation Accuracy: 0.9428007023705005
Validation Classification Loss: 0.20453435798167252
New checkpoint created at the end of epoch 7.
Step: 24   | D:  0.0487 | CE:  0.0942 | S_OoD:  0.4577 | S_z:  0.2346 | G: -0.0002 | S_z:  0.1989 | dist: 0.2452
Step: 124  | D:  0.0434 | CE:  0.0888 | S_OoD:  0.4566 | S_z:  0.2165 | G: -0.0002 | S_z:  0.2324 | dist: 0.1536
Step: 224  | D:  0.0347 | CE:  0.0801 | S_OoD:  0.4558 | S_z:  0.2065 | G: -0.0001 | S_z:  0.1481 | dist: 0.1769
Step: 324  | D:  0.0596 | CE:  0.1049 | S_OoD:  0.4550 | S_z:  0.2038 | G: -0.0002 | S_z:  0.1654 | dist: 0.1014
Step: 424  | D:  0.0668 | CE:  0.1122 | S_OoD:  0.4557 | S_z:  0.1858 | G: -0.0001 | S_z:  0.1073 | dist: 0.3417
Step: 524  | D: -0.0095 | CE:  0.0357 | S_OoD:  0.4538 | S_z:  0.1973 | G: -0.0002 | S_z:  0.1766 | dist: 0.4844
Step: 624  | D:  0.0195 | CE:  0.0649 | S_OoD:  0.4547 | S_z:  0.1171 | G: -0.0001 | S_z:  0.1171 | dist: 0.2700
Step: 724  | D:  0.0449 | CE:  0.0907 | S_OoD:  0.4600 | S_z:  0.1489 | G: -0.0001 | S_z:  0.1049 | dist: 0.1274
Step: 824  | D:  0.0325 | CE:  0.0779 | S_OoD:  0.4562 | S_z:  0.1890 | G: -0.0002 | S_z:  0.1800 | dist: 0.0390
Step: 924  | D: -0.0370 | CE:  0.0086 | S_OoD:  0.4581 | S_z:  0.1468 | G: -0.0001 | S_z:  0.1378 | dist: 0.2618
Step: 1024 | D:  0.0307 | CE:  0.0762 | S_OoD:  0.4566 | S_z:  0.1445 | G: -0.0001 | S_z:  0.0741 | dist: 0.3499
Step: 1124 | D:  0.0960 | CE:  0.1408 | S_OoD:  0.4496 | S_z:  0.1551 | G: -0.0002 | S_z:  0.1531 | dist: 0.2941
Step: 1224 | D: -0.0093 | CE:  0.0361 | S_OoD:  0.4550 | S_z:  0.1484 | G: -0.0001 | S_z:  0.1364 | dist: 0.3748
Computing evaluation statistics...
> Evaluating InD Wasserstein distances...
> Evaluating OoD Wasserstein distances...

Overall Statistics
TPR@95TNR: 0.4620583717357911
mean: 0.46206 | std: 0.0 | MAD: 0.0
TPR@95TNR-Threshold: 0.13461718857288385
mean: 0.13462 | std: 0.0 | MAD: 0.0
TPR@99TNR: 0.17019969278033797
mean: 0.1702 | std: 0.0 | MAD: 0.0
TPR@99TNR-Threshold
: 0.2891252982616425
mean: 0.28913 | std: 0.0 | MAD: 0.0
AUROC: 0.9069062783103687

Validation Accuracy: 0.9424934152765584
Validation Classification Loss: 0.2072132157185442
Step: 52   | D:  0.0418 | CE:  0.0878 | S_OoD:  0.4619 | S_z:  0.1818 | G: -0.0002 | S_z:  0.1503 | dist: 0.2776
Step: 152  | D:  0.0009 | CE:  0.0464 | S_OoD:  0.4573 | S_z:  0.1722 | G: -0.0001 | S_z:  0.1371 | dist: 0.2193
Step: 252  | D:  0.0385 | CE:  0.0841 | S_OoD:  0.4571 | S_z:  0.1787 | G: -0.0001 | S_z:  0.1301 | dist: 0.2875
Step: 352  | D: -0.0389 | CE:  0.0069 | S_OoD:  0.4594 | S_z:  0.1513 | G: -0.0001 | S_z:  0.1208 | dist: 0.1766
Step: 452  | D: -0.0221 | CE:  0.0235 | S_OoD:  0.4578 | S_z:  0.1597 | G: -0.0002 | S_z:  0.1747 | dist: 0.0013
Step: 552  | D: -0.0378 | CE:  0.0077 | S_OoD:  0.4574 | S_z:  0.1960 | G: -0.0003 | S_z:  0.2525 | dist: 0.1351
Step: 652  | D:  0.0230 | CE:  0.0684 | S_OoD:  0.4563 | S_z:  0.1748 | G: -0.0002 | S_z:  0.2100 | dist: 0.0574
Step: 752  | D:  0.0853 | CE:  0.1307 | S_OoD:  0.4557 | S_z:  0.2036 | G: -0.0002 | S_z:  0.1880 | dist: 0.1293
Step: 852  | D: -0.0185 | CE:  0.0268 | S_OoD:  0.4545 | S_z:  0.1335 | G: -0.0001 | S_z:  0.0842 | dist: 0.1554
Step: 952  | D:  0.0402 | CE:  0.0854 | S_OoD:  0.4530 | S_z:  0.1288 | G: -0.0001 | S_z:  0.1228 | dist: 0.1550
Step: 1052 | D: -0.0075 | CE:  0.0378 | S_OoD:  0.4552 | S_z:  0.2287 | G: -0.0002 | S_z:  0.1799 | dist: 0.1779
Step: 1152 | D:  0.0452 | CE:  0.0904 | S_OoD:  0.4528 | S_z:  0.1141 | G: -0.0001 | S_z:  0.1096 | dist: 0.0946
Step: 1252 | D: -0.0162 | CE:  0.0294 | S_OoD:  0.4563 | S_z:  0.0480 | G: -0.0001 | S_z:  0.1160 | dist: 0.1121
Computing evaluation statistics...
> Evaluating InD Wasserstein distances...
> Evaluating OoD Wasserstein distances...

Overall Statistics
TPR@95TNR: 0.36436251920122886
mean: 0.36436 | std: 0.0 | MAD: 0.0
TPR@95TNR-Threshold: 0.15760158598423019
mean: 0.1576 | std: 0.0 | MAD: 0.0
TPR@99TNR: 0.10721966205837175
mean: 0.10722 | std: 0.0 | MAD: 0.0
TPR@99TNR-Threshold
: 0.2945382297039037
mean: 0.29454 | std: 0.0 | MAD: 0.0
AUROC: 0.8826171494987094

Validation Accuracy: 0.9281826163301142
Validation Classification Loss: 0.2604765854203539
Step: 80   | D:  0.0117 | CE:  0.0573 | S_OoD:  0.4571 | S_z:  0.1259 | G: -0.0001 | S_z:  0.1127 | dist: 0.1506
Step: 180  | D:  0.2901 | CE:  0.3356 | S_OoD:  0.4546 | S_z:  0.0304 | G: -0.0001 | S_z:  0.0692 | dist: 0.1377
Step: 280  | D:  0.0047 | CE:  0.0501 | S_OoD:  0.4564 | S_z:  0.1942 | G: -0.0002 | S_z:  0.1929 | dist: 0.1490
Step: 380  | D:  0.0121 | CE:  0.0574 | S_OoD:  0.4542 | S_z:  0.1454 | G: -0.0001 | S_z:  0.0867 | dist: 0.1576
Step: 480  | D: -0.0188 | CE:  0.0270 | S_OoD:  0.4584 | S_z:  0.1150 | G: -0.0001 | S_z:  0.1158 | dist: 0.1310
Step: 580  | D:  0.0687 | CE:  0.1142 | S_OoD:  0.4560 | S_z:  0.1258 | G: -0.0001 | S_z:  0.1133 | dist: 0.0077
Step: 680  | D: -0.0045 | CE:  0.0407 | S_OoD:  0.4537 | S_z:  0.1090 | G: -0.0001 | S_z:  0.0507 | dist: 0.0203
Step: 780  | D:  0.1702 | CE:  0.2157 | S_OoD:  0.4556 | S_z:  0.0547 | G: -0.0000 | S_z:  0.0439 | dist: 0.0849
Step: 880  | D:  0.0437 | CE:  0.0894 | S_OoD:  0.4587 | S_z:  0.1221 | G: -0.0001 | S_z:  0.1073 | dist: 0.0475
Step: 980  | D:  0.0978 | CE:  0.1430 | S_OoD:  0.4536 | S_z:  0.1492 | G: -0.0001 | S_z:  0.1343 | dist: 0.1666
Step: 1080 | D:  0.0560 | CE:  0.1017 | S_OoD:  0.4589 | S_z:  0.2200 | G: -0.0002 | S_z:  0.1954 | dist: 0.0441
Step: 1180 | D:  0.0044 | CE:  0.0495 | S_OoD:  0.4530 | S_z:  0.2100 | G: -0.0002 | S_z:  0.1951 | dist: 0.0427
Computing evaluation statistics...
> Evaluating InD Wasserstein distances...
> Evaluating OoD Wasserstein distances...

Overall Statistics
TPR@95TNR: 0.3615975422427036
mean: 0.3616 | std: 0.0 | MAD: 0.0
TPR@95TNR-Threshold: 0.17357033193111443
mean: 0.17357 | std: 0.0 | MAD: 0.0
TPR@99TNR: 0.13241167434715817
mean: 0.13241 | std: 0.0 | MAD: 0.0
TPR@99TNR-Threshold
: 0.2917530417442323
mean: 0.29175 | std: 0.0 | MAD: 0.0
AUROC: 0.8635828297699993

Validation Accuracy: 0.9076821773485513
Validation Classification Loss: 0.3437615292469985
Step: 8    | D:  0.0564 | CE:  0.1012 | S_OoD:  0.4496 | S_z:  0.2228 | G: -0.0002 | S_z:  0.2272 | dist: 0.0926
Step: 108  | D:  0.0209 | CE:  0.0667 | S_OoD:  0.4596 | S_z:  0.1537 | G: -0.0002 | S_z:  0.1653 | dist: 0.1208
Step: 208  | D: -0.0249 | CE:  0.0209 | S_OoD:  0.4603 | S_z:  0.1625 | G: -0.0002 | S_z:  0.1518 | dist: 0.1874
Step: 308  | D: -0.0295 | CE:  0.0159 | S_OoD:  0.4550 | S_z:  0.1598 | G: -0.0001 | S_z:  0.1406 | dist: 0.2015
Step: 408  | D: -0.0198 | CE:  0.0254 | S_OoD:  0.4541 | S_z:  0.1418 | G: -0.0001 | S_z:  0.1464 | dist: 0.1652
Step: 508  | D: -0.0347 | CE:  0.0105 | S_OoD:  0.4535 | S_z:  0.1237 | G: -0.0000 | S_z:  0.0359 | dist: 0.2490
Step: 608  | D:  0.0243 | CE:  0.0696 | S_OoD:  0.4549 | S_z:  0.1365 | G: -0.0001 | S_z:  0.0996 | dist: 0.2710
Step: 708  | D: -0.0377 | CE:  0.0080 | S_OoD:  0.4581 | S_z:  0.0919 | G: -0.0001 | S_z:  0.0795 | dist: 0.2366
Step: 808  | D: -0.0036 | CE:  0.0414 | S_OoD:  0.4514 | S_z:  0.1298 | G: -0.0001 | S_z:  0.1170 | dist: 0.2367
Step: 908  | D: -0.0351 | CE:  0.0108 | S_OoD:  0.4599 | S_z:  0.1095 | G: -0.0001 | S_z:  0.0593 | dist: 0.3088
Step: 1008 | D: -0.0237 | CE:  0.0224 | S_OoD:  0.4613 | S_z:  0.0364 | G: -0.0001 | S_z:  0.0581 | dist: 0.2761
Step: 1108 | D:  0.1882 | CE:  0.2341 | S_OoD:  0.4595 | S_z:  0.0200 | G: -0.0000 | S_z:  0.0221 | dist: 0.2826
Step: 1208 | D:  0.1353 | CE:  0.1807 | S_OoD:  0.4544 | S_z:  0.0633 | G: -0.0001 | S_z:  0.0853 | dist: 0.2149
Computing evaluation statistics...
> Evaluating InD Wasserstein distances...
> Evaluating OoD Wasserstein distances...

Overall Statistics
TPR@95TNR: 0.536405529953917
mean: 0.53641 | std: 0.0 | MAD: 0.0
TPR@95TNR-Threshold: 0.0921851247549057
mean: 0.09219 | std: 0.0 | MAD: 0.0
TPR@99TNR: 0.18924731182795695
mean: 0.18925 | std: 0.0 | MAD: 0.0
TPR@99TNR-Threshold
: 0.2676813924312597
mean: 0.26768 | std: 0.0 | MAD: 0.0
AUROC: 0.9253544838363706

Validation Accuracy: 0.9441427317195534
Validation Classification Loss: 0.20966922101883134
New checkpoint created at the end of epoch 11.
Step: 36   | D:  0.0252 | CE:  0.0709 | S_OoD:  0.4567 | S_z:  0.0400 | G: -0.0001 | S_z:  0.0519 | dist: 0.2861
Step: 136  | D:  0.2410 | CE:  0.2866 | S_OoD:  0.4565 | S_z:  0.0337 | G: -0.0000 | S_z:  0.0308 | dist: 0.2431
Step: 236  | D: -0.0192 | CE:  0.0267 | S_OoD:  0.4592 | S_z:  0.0674 | G: -0.0001 | S_z:  0.0694 | dist: 0.2274
Step: 336  | D:  0.0468 | CE:  0.0924 | S_OoD:  0.4563 | S_z:  0.0741 | G: -0.0001 | S_z:  0.0805 | dist: 0.2723
Step: 436  | D: -0.0334 | CE:  0.0112 | S_OoD:  0.4467 | S_z:  0.1369 | G: -0.0001 | S_z:  0.0925 | dist: 0.2288
Step: 536  | D: -0.0183 | CE:  0.0273 | S_OoD:  0.4566 | S_z:  0.0080 | G: -0.0000 | S_z:  0.0061 | dist: 0.1629
Step: 636  | D:  0.0355 | CE:  0.0813 | S_OoD:  0.4587 | S_z:  0.0616 | G: -0.0000 | S_z:  0.0304 | dist: 0.2582
Step: 736  | D:  0.0897 | CE:  0.1357 | S_OoD:  0.4612 | S_z:  0.0998 | G: -0.0000 | S_z:  0.0312 | dist: 0.2817
Step: 836  | D: -0.0182 | CE:  0.0277 | S_OoD:  0.4589 | S_z:  0.0603 | G: -0.0000 | S_z:  0.0347 | dist: 0.4098
Step: 936  | D: -0.0170 | CE:  0.0289 | S_OoD:  0.4593 | S_z:  0.1047 | G: -0.0001 | S_z:  0.0689 | dist: 0.4707
Step: 1036 | D:  0.0677 | CE:  0.1132 | S_OoD:  0.4557 | S_z:  0.0590 | G: -0.0001 | S_z:  0.0702 | dist: 0.5044
Step: 1136 | D:  0.0053 | CE:  0.0507 | S_OoD:  0.4555 | S_z:  0.0612 | G: -0.0001 | S_z:  0.0800 | dist: 0.5878
Step: 1236 | D:  0.1007 | CE:  0.1460 | S_OoD:  0.4544 | S_z:  0.0755 | G: -0.0001 | S_z:  0.0653 | dist: 0.5333
Computing evaluation statistics...
> Evaluating InD Wasserstein distances...
> Evaluating OoD Wasserstein distances...

Overall Statistics
TPR@95TNR: 0.5182795698924731
mean: 0.51828 | std: 0.0 | MAD: 0.0
TPR@95TNR-Threshold: 0.08389717936515809
mean: 0.0839 | std: 0.0 | MAD: 0.0
TPR@99TNR: 0.18494623655913978
mean: 0.18495 | std: 0.0 | MAD: 0.0
TPR@99TNR-Threshold
: 0.262741850614549
mean: 0.26274 | std: 0.0 | MAD: 0.0
AUROC: 0.9251708696088778

Validation Accuracy: 0.9468644174087544
Validation Classification Loss: 0.20019450140283213
